<?xml version="1.0" encoding="UTF-8"?>
<!-- Generated by org.testng.reporters.JUnitReportReporter -->
<testsuite hostname="Vaishnavi" failures="0" tests="5" name="testCases.TC003_loginDDT" time="38.294" errors="0" timestamp="2025-05-31T05:53:44 IST" skipped="0">
  <testcase classname="testCases.TC003_loginDDT" name="verfiy_loginDDT" time="2.002"/>
  <testcase classname="testCases.TC003_loginDDT" name="verfiy_loginDDT" time="11.338"/>
  <testcase classname="testCases.TC003_loginDDT" name="verfiy_loginDDT" time="11.457"/>
  <testcase classname="testCases.TC003_loginDDT" name="verfiy_loginDDT" time="11.618"/>
  <testcase classname="testCases.TC003_loginDDT" name="verfiy_loginDDT" time="1.879"/>
</testsuite> <!-- testCases.TC003_loginDDT -->
