<?xml version="1.0" encoding="UTF-8"?>
<!-- Generated by org.testng.reporters.JUnitReportReporter -->
<testsuite hostname="Vaishnavi" failures="0" tests="5" name="testCases.TC003_loginDDT" time="39.931" errors="0" timestamp="2025-05-19T09:49:29 IST" skipped="0">
  <testcase classname="testCases.TC003_loginDDT" name="verfiy_loginDDT" time="11.839"/>
  <testcase classname="testCases.TC003_loginDDT" name="verfiy_loginDDT" time="11.875"/>
  <testcase classname="testCases.TC003_loginDDT" name="verfiy_loginDDT" time="2.460"/>
  <testcase classname="testCases.TC003_loginDDT" name="verfiy_loginDDT" time="2.376"/>
  <testcase classname="testCases.TC003_loginDDT" name="verfiy_loginDDT" time="11.381"/>
</testsuite> <!-- testCases.TC003_loginDDT -->
