<?xml version="1.0" encoding="UTF-8"?>
<!-- Generated by org.testng.reporters.JUnitReportReporter -->
<testsuite hostname="Vaishnavi" failures="0" tests="1" name="testCases.tc001_AccountRegistrationTest" time="5.676" errors="0" timestamp="2025-06-11T13:47:49 IST" skipped="0">
  <testcase classname="testCases.tc001_AccountRegistrationTest" name="verif_account_registration" time="5.676"/>
</testsuite> <!-- testCases.tc001_AccountRegistrationTest -->
