<?xml version="1.0" encoding="UTF-8"?>
<!-- Generated by org.testng.reporters.JUnitReportReporter -->
<testsuite hostname="Vaishnavi" failures="0" tests="5" name="testCases.TC003_loginDDT" time="37.968" errors="0" timestamp="2025-05-19T23:12:44 IST" skipped="0">
  <testcase classname="testCases.TC003_loginDDT" name="verfiy_loginDDT" time="1.956"/>
  <testcase classname="testCases.TC003_loginDDT" name="verfiy_loginDDT" time="1.696"/>
  <testcase classname="testCases.TC003_loginDDT" name="verfiy_loginDDT" time="11.269"/>
  <testcase classname="testCases.TC003_loginDDT" name="verfiy_loginDDT" time="11.606"/>
  <testcase classname="testCases.TC003_loginDDT" name="verfiy_loginDDT" time="11.441"/>
</testsuite> <!-- testCases.TC003_loginDDT -->
