<?xml version="1.0" encoding="UTF-8"?>
<!-- Generated by org.testng.reporters.JUnitReportReporter -->
<testsuite hostname="Vaishnavi" failures="0" tests="5" name="testCases.TC003_loginDDT" time="43.710" errors="0" timestamp="2025-06-11T13:47:49 IST" skipped="0">
  <testcase classname="testCases.TC003_loginDDT" name="verfiy_loginDDT" time="4.270"/>
  <testcase classname="testCases.TC003_loginDDT" name="verfiy_loginDDT" time="12.379"/>
  <testcase classname="testCases.TC003_loginDDT" name="verfiy_loginDDT" time="3.315"/>
  <testcase classname="testCases.TC003_loginDDT" name="verfiy_loginDDT" time="11.660"/>
  <testcase classname="testCases.TC003_loginDDT" name="verfiy_loginDDT" time="12.086"/>
</testsuite> <!-- testCases.TC003_loginDDT -->
